0 info it worked if it ends with ok
1 verbose cli [ '/home/scb/.nvm/v7.7.2/bin/node',
1 verbose cli   '/home/scb/.nvm/v7.7.2/bin/npm',
1 verbose cli   'start' ]
2 info using npm@4.1.2
3 info using node@v7.7.2
4 verbose run-script [ 'prestart', 'start', 'poststart' ]
5 info lifecycle satronix2k17@0.0.1~prestart: satronix2k17@0.0.1
6 silly lifecycle satronix2k17@0.0.1~prestart: no script for prestart, continuing
7 info lifecycle satronix2k17@0.0.1~start: satronix2k17@0.0.1
8 verbose lifecycle satronix2k17@0.0.1~start: unsafe-perm in lifecycle true
9 verbose lifecycle satronix2k17@0.0.1~start: PATH: /home/scb/.nvm/v7.7.2/lib/node_modules/npm/bin/node-gyp-bin:/home/scb/Paul/website/satronix2k17/node_modules/.bin:/home/scb/.nvm/v7.7.2/bin:/home/scb/.nvm/versions/v0.12.4/bin:/home/scb/.nvm/versions/v0.12.4/bin:/home/scb/.nvm/versions/v0.12.4/bin:/usr/local/sbin:/usr/local/bin:/usr/sbin:/usr/bin:/sbin:/bin:/usr/games:/usr/local/games
10 verbose lifecycle satronix2k17@0.0.1~start: CWD: /home/scb/Paul/website/satronix2k17
11 silly lifecycle satronix2k17@0.0.1~start: Args: [ '-c', 'node ./bin/www' ]
12 silly lifecycle satronix2k17@0.0.1~start: Returned: code: 1  signal: null
13 info lifecycle satronix2k17@0.0.1~start: Failed to exec start script
14 verbose stack Error: satronix2k17@0.0.1 start: `node ./bin/www`
14 verbose stack Exit status 1
14 verbose stack     at EventEmitter.<anonymous> (/home/scb/.nvm/v7.7.2/lib/node_modules/npm/lib/utils/lifecycle.js:279:16)
14 verbose stack     at emitTwo (events.js:106:13)
14 verbose stack     at EventEmitter.emit (events.js:194:7)
14 verbose stack     at ChildProcess.<anonymous> (/home/scb/.nvm/v7.7.2/lib/node_modules/npm/lib/utils/spawn.js:40:14)
14 verbose stack     at emitTwo (events.js:106:13)
14 verbose stack     at ChildProcess.emit (events.js:194:7)
14 verbose stack     at maybeClose (internal/child_process.js:899:16)
14 verbose stack     at Process.ChildProcess._handle.onexit (internal/child_process.js:226:5)
15 verbose pkgid satronix2k17@0.0.1
16 verbose cwd /home/scb/Paul/website/satronix2k17
17 error Linux 4.2.0-42-generic
18 error argv "/home/scb/.nvm/v7.7.2/bin/node" "/home/scb/.nvm/v7.7.2/bin/npm" "start"
19 error node v7.7.2
20 error npm  v4.1.2
21 error code ELIFECYCLE
22 error satronix2k17@0.0.1 start: `node ./bin/www`
22 error Exit status 1
23 error Failed at the satronix2k17@0.0.1 start script 'node ./bin/www'.
23 error Make sure you have the latest version of node.js and npm installed.
23 error If you do, this is most likely a problem with the satronix2k17 package,
23 error not with npm itself.
23 error Tell the author that this fails on your system:
23 error     node ./bin/www
23 error You can get information on how to open an issue for this project with:
23 error     npm bugs satronix2k17
23 error Or if that isn't available, you can get their info via:
23 error     npm owner ls satronix2k17
23 error There is likely additional logging output above.
24 verbose exit [ 1, true ]
